Using pre-set license
Built from '2020.3/staging' branch; Version is '2020.3.11f1 (99c7afb366b3) revision 10078127'; Using compiler version '192528614'; Build Type 'Release'
OS: 'Windows 10 Pro; OS build 22000.434; Version 2009; 64bit' Language: 'tr' Physical Memory: 12148 MB
BatchMode: 1, IsHumanControllingUs: 0, StartBugReporterOnCrash: 0, Is64bit: 1, IsPro: 0

 COMMAND LINE ARGUMENTS:
D:\Unity\2020.3.11f1\Editor\Unity.exe
-adb2
-batchMode
-noUpm
-name
AssetImportWorker0
-projectPath
D:/GitHub/Design_Patterns_Game/The Singleton Pattern
-logFile
Logs/AssetImportWorker0.log
-srvPort
62480
Successfully changed project path to: D:/GitHub/Design_Patterns_Game/The Singleton Pattern
D:/GitHub/Design_Patterns_Game/The Singleton Pattern
Using Asset Import Pipeline V2.
Refreshing native plugins compatible for Editor in 41.65 ms, found 2 plugins.
Preloading 0 native plugins for Editor in 0.00 ms.
Initialize engine version: 2020.3.11f1 (99c7afb366b3)
[Subsystems] Discovering subsystems at path D:/Unity/2020.3.11f1/Editor/Data/Resources/UnitySubsystems
[Subsystems] Discovering subsystems at path D:/GitHub/Design_Patterns_Game/The Singleton Pattern/Assets
GfxDevice: creating device client; threaded=0
Direct3D:
    Version:  Direct3D 11.0 [level 11.1]
    Renderer: Radeon (TM) 520 (ID=0x6665)
    Vendor:   
    VRAM:     2039 MB
    Driver:   27.20.20904.4000
Initialize mono
Mono path[0] = 'D:/Unity/2020.3.11f1/Editor/Data/Managed'
Mono path[1] = 'D:/Unity/2020.3.11f1/Editor/Data/MonoBleedingEdge/lib/mono/unityjit'
Mono config path = 'D:/Unity/2020.3.11f1/Editor/Data/MonoBleedingEdge/etc'
Using monoOptions --debugger-agent=transport=dt_socket,embedding=1,server=y,suspend=n,address=127.0.0.1:56016
Begin MonoManager ReloadAssembly
Registering precompiled unity dll's ...
Register platform support module: D:/Unity/2020.3.11f1/Editor/Data/PlaybackEngines/WebGLSupport/UnityEditor.WebGL.Extensions.dll
Register platform support module: D:/Unity/2020.3.11f1/Editor/Data/PlaybackEngines/WindowsStandaloneSupport/UnityEditor.WindowsStandalone.Extensions.dll
Registered in 0.000878 seconds.
Native extension for WindowsStandalone target not found
Native extension for WebGL target not found
Refreshing native plugins compatible for Editor in 37.34 ms, found 2 plugins.
Preloading 0 native plugins for Editor in 0.00 ms.
Mono: successfully reloaded assembly
- Completed reload, in  2.112 seconds
Platform modules already initialized, skipping
Registering precompiled user dll's ...
Registered in 0.125065 seconds.
Begin MonoManager ReloadAssembly
Native extension for WindowsStandalone target not found
Native extension for WebGL target not found
Refreshing native plugins compatible for Editor in 0.41 ms, found 2 plugins.
Preloading 0 native plugins for Editor in 0.00 ms.
Mono: successfully reloaded assembly
- Completed reload, in  1.486 seconds
Platform modules already initialized, skipping
========================================================================
Worker process is ready to serve import requests
Launched and connected shader compiler UnityShaderCompiler.exe after 0.05 seconds
Refreshing native plugins compatible for Editor in 0.35 ms, found 2 plugins.
Preloading 0 native plugins for Editor in 0.00 ms.
Unloading 1388 Unused Serialized files (Serialized files now loaded: 0)
System memory in use before: 64.7 MB.
System memory in use after: 64.7 MB.

Unloading 19 unused Assets to reduce memory usage. Loaded Objects now: 1821.
Total: 2.181700 ms (FindLiveObjects: 0.168900 ms CreateObjectMapping: 0.058900 ms MarkObjects: 1.864800 ms  DeleteObjects: 0.087800 ms)

========================================================================
Received Import Request.
  path: Assets/Crowd.unity
  artifactKey: Guid(4f21ed7f8a13740449d0160601413652) Importer(815301076,1909f56bfc062723c751e8b465ee728b)
Start importing Assets/Crowd.unity using Guid(4f21ed7f8a13740449d0160601413652) Importer(815301076,1909f56bfc062723c751e8b465ee728b)  -> (artifact id: '86902ba9c93932714f6b6081fbab36a8') in 0.063914 seconds
  Import took 0.066976 seconds .

========================================================================
Received Import Request.
  Time since last request: 0.000268 seconds.
  path: Assets/Trashcan.prefab
  artifactKey: Guid(2ff8b835b781444c6b7b3e308d1ac49a) Importer(815301076,1909f56bfc062723c751e8b465ee728b)
Start importing Assets/Trashcan.prefab using Guid(2ff8b835b781444c6b7b3e308d1ac49a) Importer(815301076,1909f56bfc062723c751e8b465ee728b)  -> (artifact id: '15056b54139a2ec9ab4bbd1df1aeaaae') in 0.707855 seconds
  Import took 0.710455 seconds .

========================================================================
Received Import Request.
  Time since last request: 19.488529 seconds.
  path: Assets/AIControl.cs
  artifactKey: Guid(725422ab73693430eae1f78702298af4) Importer(815301076,1909f56bfc062723c751e8b465ee728b)
Start importing Assets/AIControl.cs using Guid(725422ab73693430eae1f78702298af4) Importer(815301076,1909f56bfc062723c751e8b465ee728b)  -> (artifact id: '04221a0d9861fdd2345b0730ed8aacc7') in 0.011345 seconds
  Import took 0.015503 seconds .

========================================================================
Received Import Request.
  Time since last request: 0.006463 seconds.
  path: Assets/AIControl.cs
  artifactKey: Guid(725422ab73693430eae1f78702298af4) Importer(815301076,1909f56bfc062723c751e8b465ee728b)
Start importing Assets/AIControl.cs using Guid(725422ab73693430eae1f78702298af4) Importer(815301076,1909f56bfc062723c751e8b465ee728b)  -> (artifact id: '04221a0d9861fdd2345b0730ed8aacc7') in 0.003207 seconds
  Import took 0.005735 seconds .

========================================================================
Received Prepare
Registering precompiled user dll's ...
Registered in 0.002443 seconds.
Begin MonoManager ReloadAssembly
Native extension for WindowsStandalone target not found
Native extension for WebGL target not found
Refreshing native plugins compatible for Editor in 0.34 ms, found 2 plugins.
Preloading 0 native plugins for Editor in 0.00 ms.
Mono: successfully reloaded assembly
- Completed reload, in  1.035 seconds
Platform modules already initialized, skipping
Refreshing native plugins compatible for Editor in 0.40 ms, found 2 plugins.
Preloading 0 native plugins for Editor in 0.00 ms.
Unloading 1383 Unused Serialized files (Serialized files now loaded: 0)
System memory in use before: 68.0 MB.
System memory in use after: 68.0 MB.

Unloading 16 unused Assets to reduce memory usage. Loaded Objects now: 1832.
Total: 3.512700 ms (FindLiveObjects: 0.214800 ms CreateObjectMapping: 0.084600 ms MarkObjects: 3.109000 ms  DeleteObjects: 0.099100 ms)

AssetImportWorkerClient::OnTransportError - code=2 error=End of file
